<?xml version="1.0" encoding="UTF-8"?>
<!-- Generated by org.testng.reporters.JUnitReportReporter -->
<testsuite name="com.eCommerce.testDataDriverScript" tests="3" time="0.015" ignored="0" failures="0" timestamp="09 Aug 2017 06:16:28 GMT" skipped="0" hostname="meomeo-PC" errors="0">
  <testcase name="testLog" time="0.007" classname="com.eCommerce.testDataDriverScript"/>
  <testcase name="testLog" time="0.003" classname="com.eCommerce.testDataDriverScript"/>
  <testcase name="testLog" time="0.005" classname="com.eCommerce.testDataDriverScript"/>
</testsuite> <!-- com.eCommerce.testDataDriverScript -->
