<?xml version="1.0" encoding="UTF-8"?>
<!-- Generated by org.testng.reporters.JUnitReportReporter -->
<testsuite name="com.eCommerce.TC01" tests="1" time="5.234" ignored="0" failures="0" timestamp="09 Aug 2017 01:51:58 GMT" skipped="0" hostname="meomeo-PC" errors="0">
  <testcase name="testLogin" time="5.234" classname="com.eCommerce.TC01"/>
</testsuite> <!-- com.eCommerce.TC01 -->
